<html>
<body>
<pre>
<h1>Vision Build Log</h1>
<h2>Project:</h2>
E:\GitHub\C51\Circle\pro.uvproj
Project File Date:  02/23/2014

<h2>Output:</h2>
Build target '目标 1'
compiling main.c...
MAIN.C(4): error C129: missing ';' before 'typedef'
目标未创建
Build target '目标 1'
compiling main.c...
MAIN.C(4): error C129: missing ';' before 'typedef'
目标未创建
Build target '目标 1'
compiling main.c...
MAIN.C(10): error C141: syntax error near 'void'
MAIN.C(11): error C141: syntax error near '{'
MAIN.C(16): error C141: syntax error near '{'
MAIN.C(18): error C141: syntax error near 'while'
MAIN.C(18): error C141: syntax error near '1'
MAIN.C(20): error C141: syntax error near '=', expected ')'
MAIN.C(20): error C129: missing ';' before '<'
目标未创建
Build target '目标 1'
compiling main.c...
MAIN.C(10): error C141: syntax error near 'void'
MAIN.C(11): error C141: syntax error near '{'
MAIN.C(16): error C141: syntax error near '{'
MAIN.C(18): error C141: syntax error near 'while'
MAIN.C(18): error C141: syntax error near '1'
MAIN.C(20): error C141: syntax error near '=', expected ')'
MAIN.C(20): error C129: missing ';' before '<'
目标未创建
Build target '目标 1'
compiling main.c...
MAIN.C(10): error C141: syntax error near 'void'
MAIN.C(11): error C141: syntax error near '{'
MAIN.C(16): error C141: syntax error near '{'
MAIN.C(18): error C141: syntax error near 'while'
MAIN.C(18): error C141: syntax error near '1'
MAIN.C(20): error C141: syntax error near '=', expected ')'
MAIN.C(20): error C129: missing ';' before '<'
目标未创建
Build target '目标 1'
compiling main.c...
MAIN.C(10): error C141: syntax error near 'void'
MAIN.C(11): error C141: syntax error near '{'
MAIN.C(16): error C141: syntax error near '{'
MAIN.C(18): error C141: syntax error near 'while'
MAIN.C(18): error C141: syntax error near '1'
MAIN.C(20): error C141: syntax error near '=', expected ')'
MAIN.C(20): error C129: missing ';' before '<'
目标未创建
Build target '目标 1'
compiling main.c...
linking...
Program Size: data=9.0 xdata=0 code=57
creating hex file from "pro"...
"pro" - 0 Error(s), 0 Warning(s).
Build target '目标 1'
compiling main.c...
linking...
*** WARNING L16: UNCALLED SEGMENT, IGNORED FOR OVERLAY PROCESS
    SEGMENT: ?CO?MAIN
Program Size: data=9.0 xdata=0 code=52
creating hex file from "pro"...
"pro" - 0 Error(s), 1 Warning(s).
Build target '目标 1'
compiling main.c...
linking...
Program Size: data=9.0 xdata=0 code=56
creating hex file from "pro"...
"pro" - 0 Error(s), 0 Warning(s).
Build target '目标 1'
compiling main.c...
linking...
Program Size: data=9.0 xdata=0 code=56
creating hex file from "pro"...
"pro" - 0 Error(s), 0 Warning(s).
Build target '目标 1'
compiling main.c...
linking...
Program Size: data=9.0 xdata=0 code=56
creating hex file from "pro"...
"pro" - 0 Error(s), 0 Warning(s).
Build target '目标 1'
compiling main.c...
linking...
Program Size: data=9.0 xdata=0 code=56
creating hex file from "pro"...
"pro" - 0 Error(s), 0 Warning(s).
